New log file opened at Fri Aug 09 15:25:03 CEST 2019 by 99749@macbook-air-de-jacques.home
Taking next connection to: 49345
New client attempting to connect on port: 49346-49345
  Address = /192.168.1.13:49345
This client on port 49346 has uuid aee0b47b-7ac3-4f62-94b4-1d9c8b1fa3fd configName play-fork-run humanReadableName Play Fork Run protocolVersion 1 featureTags Vector()
Connected Clients: play-fork-run-aee0b47b-7ac3-4f62-94b4-1d9c8b1fa3fd
Taking next connection to: 49345
Checking to see if clients are empty...
We have 1 non-daemon clients, continuing serving connections.
Taking next connection to: 49345
Checking to see if clients are empty...
We have 1 non-daemon clients, continuing serving connections.
Taking next connection to: 49345
Checking to see if clients are empty...
We have 1 non-daemon clients, continuing serving connections.
Taking next connection to: 49345
Checking to see if clients are empty...
No non-daemon clients connected after 3 min. Shutting down.
Server socket thread exiting.
0 clients open, will close them...
All client sockets have been closed.
Closing the 99749@macbook-air-de-jacques.home logs at Fri Aug 09 16:31:27 CEST 2019, goodbye.
